[1.780s] Invoking command in '/home/student/ros2_ws/coordinates_publisher': CONDA_PROMPT_MODIFIER=(base) PYTHONPATH=/home/student/ros2_ws/build/coordinates_publisher/prefix_override:/home/student/.local/lib/python3.10/site-packages/colcon_core/task/python/colcon_distutils_commands:/home/student/ros2_ws/install/coordinates_publisher/lib/python3.10/site-packages:${PYTHONPATH} /usr/bin/python3 -W ignore:setup.py install is deprecated setup.py egg_info --egg-base ../build/coordinates_publisher build --build-base /home/student/ros2_ws/build/coordinates_publisher/build install --record /home/student/ros2_ws/build/coordinates_publisher/install.log --single-version-externally-managed install_data
[2.374s] running egg_info
[2.406s] writing ../build/coordinates_publisher/coordinates_publisher.egg-info/PKG-INFO
[2.406s] writing dependency_links to ../build/coordinates_publisher/coordinates_publisher.egg-info/dependency_links.txt
[2.406s] writing entry points to ../build/coordinates_publisher/coordinates_publisher.egg-info/entry_points.txt
[2.407s] writing requirements to ../build/coordinates_publisher/coordinates_publisher.egg-info/requires.txt
[2.407s] writing top-level names to ../build/coordinates_publisher/coordinates_publisher.egg-info/top_level.txt
[2.475s] reading manifest file '../build/coordinates_publisher/coordinates_publisher.egg-info/SOURCES.txt'
[2.476s] writing manifest file '../build/coordinates_publisher/coordinates_publisher.egg-info/SOURCES.txt'
[2.476s] running build
[2.476s] running build_py
[2.476s] copying coordinates_publisher/publisher_node.py -> /home/student/ros2_ws/build/coordinates_publisher/build/lib/coordinates_publisher
[2.477s] copying coordinates_publisher/object_detector.py -> /home/student/ros2_ws/build/coordinates_publisher/build/lib/coordinates_publisher
[2.477s] running install
[2.484s] running install_lib
[2.517s] copying /home/student/ros2_ws/build/coordinates_publisher/build/lib/coordinates_publisher/publisher_node.py -> /home/student/ros2_ws/install/coordinates_publisher/lib/python3.10/site-packages/coordinates_publisher
[2.519s] byte-compiling /home/student/ros2_ws/install/coordinates_publisher/lib/python3.10/site-packages/coordinates_publisher/publisher_node.py to publisher_node.cpython-310.pyc
[2.520s] running install_data
[2.520s] running install_egg_info
[2.555s] removing '/home/student/ros2_ws/install/coordinates_publisher/lib/python3.10/site-packages/coordinates_publisher-0.0.0-py3.10.egg-info' (and everything under it)
[2.555s] Copying ../build/coordinates_publisher/coordinates_publisher.egg-info to /home/student/ros2_ws/install/coordinates_publisher/lib/python3.10/site-packages/coordinates_publisher-0.0.0-py3.10.egg-info
[2.556s] running install_scripts
[2.785s] Installing publisher_node script to /home/student/ros2_ws/install/coordinates_publisher/lib/coordinates_publisher
[2.785s] writing list of installed files to '/home/student/ros2_ws/build/coordinates_publisher/install.log'
[2.814s] Invoked command in '/home/student/ros2_ws/coordinates_publisher' returned '0': CONDA_PROMPT_MODIFIER=(base) PYTHONPATH=/home/student/ros2_ws/build/coordinates_publisher/prefix_override:/home/student/.local/lib/python3.10/site-packages/colcon_core/task/python/colcon_distutils_commands:/home/student/ros2_ws/install/coordinates_publisher/lib/python3.10/site-packages:${PYTHONPATH} /usr/bin/python3 -W ignore:setup.py install is deprecated setup.py egg_info --egg-base ../build/coordinates_publisher build --build-base /home/student/ros2_ws/build/coordinates_publisher/build install --record /home/student/ros2_ws/build/coordinates_publisher/install.log --single-version-externally-managed install_data
