running egg_info
creating ../build/coordinates_publisher/coordinates_publisher.egg-info
writing ../build/coordinates_publisher/coordinates_publisher.egg-info/PKG-INFO
writing dependency_links to ../build/coordinates_publisher/coordinates_publisher.egg-info/dependency_links.txt
writing entry points to ../build/coordinates_publisher/coordinates_publisher.egg-info/entry_points.txt
writing requirements to ../build/coordinates_publisher/coordinates_publisher.egg-info/requires.txt
writing top-level names to ../build/coordinates_publisher/coordinates_publisher.egg-info/top_level.txt
writing manifest file '../build/coordinates_publisher/coordinates_publisher.egg-info/SOURCES.txt'
reading manifest file '../build/coordinates_publisher/coordinates_publisher.egg-info/SOURCES.txt'
writing manifest file '../build/coordinates_publisher/coordinates_publisher.egg-info/SOURCES.txt'
running build
running build_py
creating /home/student/ros2_ws/build/coordinates_publisher/build
creating /home/student/ros2_ws/build/coordinates_publisher/build/lib
creating /home/student/ros2_ws/build/coordinates_publisher/build/lib/coordinates_publisher
copying coordinates_publisher/publisher_node.py -> /home/student/ros2_ws/build/coordinates_publisher/build/lib/coordinates_publisher
copying coordinates_publisher/object_detector.py -> /home/student/ros2_ws/build/coordinates_publisher/build/lib/coordinates_publisher
copying coordinates_publisher/pnp_solver.py -> /home/student/ros2_ws/build/coordinates_publisher/build/lib/coordinates_publisher
copying coordinates_publisher/__init__.py -> /home/student/ros2_ws/build/coordinates_publisher/build/lib/coordinates_publisher
copying coordinates_publisher/cuboid.py -> /home/student/ros2_ws/build/coordinates_publisher/build/lib/coordinates_publisher
copying coordinates_publisher/process_image.py -> /home/student/ros2_ws/build/coordinates_publisher/build/lib/coordinates_publisher
copying coordinates_publisher/dope_model.py -> /home/student/ros2_ws/build/coordinates_publisher/build/lib/coordinates_publisher
running install
running install_lib
creating /home/student/ros2_ws/install/coordinates_publisher/lib/python3.10/site-packages/coordinates_publisher
copying /home/student/ros2_ws/build/coordinates_publisher/build/lib/coordinates_publisher/publisher_node.py -> /home/student/ros2_ws/install/coordinates_publisher/lib/python3.10/site-packages/coordinates_publisher
copying /home/student/ros2_ws/build/coordinates_publisher/build/lib/coordinates_publisher/object_detector.py -> /home/student/ros2_ws/install/coordinates_publisher/lib/python3.10/site-packages/coordinates_publisher
copying /home/student/ros2_ws/build/coordinates_publisher/build/lib/coordinates_publisher/pnp_solver.py -> /home/student/ros2_ws/install/coordinates_publisher/lib/python3.10/site-packages/coordinates_publisher
copying /home/student/ros2_ws/build/coordinates_publisher/build/lib/coordinates_publisher/__init__.py -> /home/student/ros2_ws/install/coordinates_publisher/lib/python3.10/site-packages/coordinates_publisher
copying /home/student/ros2_ws/build/coordinates_publisher/build/lib/coordinates_publisher/cuboid.py -> /home/student/ros2_ws/install/coordinates_publisher/lib/python3.10/site-packages/coordinates_publisher
copying /home/student/ros2_ws/build/coordinates_publisher/build/lib/coordinates_publisher/process_image.py -> /home/student/ros2_ws/install/coordinates_publisher/lib/python3.10/site-packages/coordinates_publisher
copying /home/student/ros2_ws/build/coordinates_publisher/build/lib/coordinates_publisher/dope_model.py -> /home/student/ros2_ws/install/coordinates_publisher/lib/python3.10/site-packages/coordinates_publisher
byte-compiling /home/student/ros2_ws/install/coordinates_publisher/lib/python3.10/site-packages/coordinates_publisher/publisher_node.py to publisher_node.cpython-310.pyc
byte-compiling /home/student/ros2_ws/install/coordinates_publisher/lib/python3.10/site-packages/coordinates_publisher/object_detector.py to object_detector.cpython-310.pyc
byte-compiling /home/student/ros2_ws/install/coordinates_publisher/lib/python3.10/site-packages/coordinates_publisher/pnp_solver.py to pnp_solver.cpython-310.pyc
byte-compiling /home/student/ros2_ws/install/coordinates_publisher/lib/python3.10/site-packages/coordinates_publisher/__init__.py to __init__.cpython-310.pyc
byte-compiling /home/student/ros2_ws/install/coordinates_publisher/lib/python3.10/site-packages/coordinates_publisher/cuboid.py to cuboid.cpython-310.pyc
byte-compiling /home/student/ros2_ws/install/coordinates_publisher/lib/python3.10/site-packages/coordinates_publisher/process_image.py to process_image.cpython-310.pyc
byte-compiling /home/student/ros2_ws/install/coordinates_publisher/lib/python3.10/site-packages/coordinates_publisher/dope_model.py to dope_model.cpython-310.pyc
running install_data
creating /home/student/ros2_ws/install/coordinates_publisher/share/ament_index
creating /home/student/ros2_ws/install/coordinates_publisher/share/ament_index/resource_index
creating /home/student/ros2_ws/install/coordinates_publisher/share/ament_index/resource_index/packages
copying resource/coordinates_publisher -> /home/student/ros2_ws/install/coordinates_publisher/share/ament_index/resource_index/packages
copying package.xml -> /home/student/ros2_ws/install/coordinates_publisher/share/coordinates_publisher
running install_egg_info
Copying ../build/coordinates_publisher/coordinates_publisher.egg-info to /home/student/ros2_ws/install/coordinates_publisher/lib/python3.10/site-packages/coordinates_publisher-0.0.0-py3.10.egg-info
running install_scripts
Installing publisher_node script to /home/student/ros2_ws/install/coordinates_publisher/lib/coordinates_publisher
writing list of installed files to '/home/student/ros2_ws/build/coordinates_publisher/install.log'
