[1.807s] Invoking command in '/home/student/ros2_ws/coordinates_publisher': CONDA_PROMPT_MODIFIER=(base) PYTHONPATH=/home/student/ros2_ws/build/coordinates_publisher/prefix_override:/home/student/.local/lib/python3.10/site-packages/colcon_core/task/python/colcon_distutils_commands:/home/student/ros2_ws/install/coordinates_publisher/lib/python3.10/site-packages:${PYTHONPATH} /usr/bin/python3 -W ignore:setup.py install is deprecated setup.py egg_info --egg-base ../build/coordinates_publisher build --build-base /home/student/ros2_ws/build/coordinates_publisher/build install --record /home/student/ros2_ws/build/coordinates_publisher/install.log --single-version-externally-managed install_data
[2.412s] running egg_info
[2.412s] creating ../build/coordinates_publisher/coordinates_publisher.egg-info
[2.445s] writing ../build/coordinates_publisher/coordinates_publisher.egg-info/PKG-INFO
[2.445s] writing dependency_links to ../build/coordinates_publisher/coordinates_publisher.egg-info/dependency_links.txt
[2.446s] writing entry points to ../build/coordinates_publisher/coordinates_publisher.egg-info/entry_points.txt
[2.446s] writing requirements to ../build/coordinates_publisher/coordinates_publisher.egg-info/requires.txt
[2.446s] writing top-level names to ../build/coordinates_publisher/coordinates_publisher.egg-info/top_level.txt
[2.446s] writing manifest file '../build/coordinates_publisher/coordinates_publisher.egg-info/SOURCES.txt'
[2.513s] reading manifest file '../build/coordinates_publisher/coordinates_publisher.egg-info/SOURCES.txt'
[2.513s] writing manifest file '../build/coordinates_publisher/coordinates_publisher.egg-info/SOURCES.txt'
[2.514s] running build
[2.514s] running build_py
[2.514s] creating /home/student/ros2_ws/build/coordinates_publisher/build
[2.514s] creating /home/student/ros2_ws/build/coordinates_publisher/build/lib
[2.514s] creating /home/student/ros2_ws/build/coordinates_publisher/build/lib/coordinates_publisher
[2.514s] copying coordinates_publisher/publisher_node.py -> /home/student/ros2_ws/build/coordinates_publisher/build/lib/coordinates_publisher
[2.514s] copying coordinates_publisher/object_detector.py -> /home/student/ros2_ws/build/coordinates_publisher/build/lib/coordinates_publisher
[2.514s] copying coordinates_publisher/pnp_solver.py -> /home/student/ros2_ws/build/coordinates_publisher/build/lib/coordinates_publisher
[2.515s] copying coordinates_publisher/__init__.py -> /home/student/ros2_ws/build/coordinates_publisher/build/lib/coordinates_publisher
[2.515s] copying coordinates_publisher/cuboid.py -> /home/student/ros2_ws/build/coordinates_publisher/build/lib/coordinates_publisher
[2.515s] copying coordinates_publisher/process_image.py -> /home/student/ros2_ws/build/coordinates_publisher/build/lib/coordinates_publisher
[2.515s] copying coordinates_publisher/dope_model.py -> /home/student/ros2_ws/build/coordinates_publisher/build/lib/coordinates_publisher
[2.515s] running install
[2.522s] running install_lib
[2.554s] creating /home/student/ros2_ws/install/coordinates_publisher/lib/python3.10/site-packages/coordinates_publisher
[2.555s] copying /home/student/ros2_ws/build/coordinates_publisher/build/lib/coordinates_publisher/publisher_node.py -> /home/student/ros2_ws/install/coordinates_publisher/lib/python3.10/site-packages/coordinates_publisher
[2.555s] copying /home/student/ros2_ws/build/coordinates_publisher/build/lib/coordinates_publisher/object_detector.py -> /home/student/ros2_ws/install/coordinates_publisher/lib/python3.10/site-packages/coordinates_publisher
[2.555s] copying /home/student/ros2_ws/build/coordinates_publisher/build/lib/coordinates_publisher/pnp_solver.py -> /home/student/ros2_ws/install/coordinates_publisher/lib/python3.10/site-packages/coordinates_publisher
[2.555s] copying /home/student/ros2_ws/build/coordinates_publisher/build/lib/coordinates_publisher/__init__.py -> /home/student/ros2_ws/install/coordinates_publisher/lib/python3.10/site-packages/coordinates_publisher
[2.555s] copying /home/student/ros2_ws/build/coordinates_publisher/build/lib/coordinates_publisher/cuboid.py -> /home/student/ros2_ws/install/coordinates_publisher/lib/python3.10/site-packages/coordinates_publisher
[2.555s] copying /home/student/ros2_ws/build/coordinates_publisher/build/lib/coordinates_publisher/process_image.py -> /home/student/ros2_ws/install/coordinates_publisher/lib/python3.10/site-packages/coordinates_publisher
[2.555s] copying /home/student/ros2_ws/build/coordinates_publisher/build/lib/coordinates_publisher/dope_model.py -> /home/student/ros2_ws/install/coordinates_publisher/lib/python3.10/site-packages/coordinates_publisher
[2.557s] byte-compiling /home/student/ros2_ws/install/coordinates_publisher/lib/python3.10/site-packages/coordinates_publisher/publisher_node.py to publisher_node.cpython-310.pyc
[2.558s] Sorry: TabError: inconsistent use of tabs and spaces in indentation (publisher_node.py, line 45)
[2.558s] byte-compiling /home/student/ros2_ws/install/coordinates_publisher/lib/python3.10/site-packages/coordinates_publisher/object_detector.py to object_detector.cpython-310.pyc
[2.560s] byte-compiling /home/student/ros2_ws/install/coordinates_publisher/lib/python3.10/site-packages/coordinates_publisher/pnp_solver.py to pnp_solver.cpython-310.pyc
[2.560s] byte-compiling /home/student/ros2_ws/install/coordinates_publisher/lib/python3.10/site-packages/coordinates_publisher/__init__.py to __init__.cpython-310.pyc
[2.560s] byte-compiling /home/student/ros2_ws/install/coordinates_publisher/lib/python3.10/site-packages/coordinates_publisher/cuboid.py to cuboid.cpython-310.pyc
[2.561s] byte-compiling /home/student/ros2_ws/install/coordinates_publisher/lib/python3.10/site-packages/coordinates_publisher/process_image.py to process_image.cpython-310.pyc
[2.562s] byte-compiling /home/student/ros2_ws/install/coordinates_publisher/lib/python3.10/site-packages/coordinates_publisher/dope_model.py to dope_model.cpython-310.pyc
[2.563s] running install_data
[2.563s] creating /home/student/ros2_ws/install/coordinates_publisher/share/ament_index
[2.563s] creating /home/student/ros2_ws/install/coordinates_publisher/share/ament_index/resource_index
[2.563s] creating /home/student/ros2_ws/install/coordinates_publisher/share/ament_index/resource_index/packages
[2.564s] copying resource/coordinates_publisher -> /home/student/ros2_ws/install/coordinates_publisher/share/ament_index/resource_index/packages
[2.564s] copying package.xml -> /home/student/ros2_ws/install/coordinates_publisher/share/coordinates_publisher
[2.564s] running install_egg_info
[2.598s] Copying ../build/coordinates_publisher/coordinates_publisher.egg-info to /home/student/ros2_ws/install/coordinates_publisher/lib/python3.10/site-packages/coordinates_publisher-0.0.0-py3.10.egg-info
[2.599s] running install_scripts
[2.827s] Installing publisher_node script to /home/student/ros2_ws/install/coordinates_publisher/lib/coordinates_publisher
[2.827s] writing list of installed files to '/home/student/ros2_ws/build/coordinates_publisher/install.log'
[2.857s] Invoked command in '/home/student/ros2_ws/coordinates_publisher' returned '0': CONDA_PROMPT_MODIFIER=(base) PYTHONPATH=/home/student/ros2_ws/build/coordinates_publisher/prefix_override:/home/student/.local/lib/python3.10/site-packages/colcon_core/task/python/colcon_distutils_commands:/home/student/ros2_ws/install/coordinates_publisher/lib/python3.10/site-packages:${PYTHONPATH} /usr/bin/python3 -W ignore:setup.py install is deprecated setup.py egg_info --egg-base ../build/coordinates_publisher build --build-base /home/student/ros2_ws/build/coordinates_publisher/build install --record /home/student/ros2_ws/build/coordinates_publisher/install.log --single-version-externally-managed install_data
