/home/student/ros2_ws/install/coordinates_publisher/lib/python3.10/site-packages/coordinates_publisher/publisher_node.py
/home/student/ros2_ws/install/coordinates_publisher/lib/python3.10/site-packages/coordinates_publisher/object_detector.py
/home/student/ros2_ws/install/coordinates_publisher/lib/python3.10/site-packages/coordinates_publisher/pnp_solver.py
/home/student/ros2_ws/install/coordinates_publisher/lib/python3.10/site-packages/coordinates_publisher/__init__.py
/home/student/ros2_ws/install/coordinates_publisher/lib/python3.10/site-packages/coordinates_publisher/cuboid.py
/home/student/ros2_ws/install/coordinates_publisher/lib/python3.10/site-packages/coordinates_publisher/process_image.py
/home/student/ros2_ws/install/coordinates_publisher/lib/python3.10/site-packages/coordinates_publisher/dope_model.py
/home/student/ros2_ws/install/coordinates_publisher/lib/python3.10/site-packages/coordinates_publisher/__pycache__/publisher_node.cpython-310.pyc
/home/student/ros2_ws/install/coordinates_publisher/lib/python3.10/site-packages/coordinates_publisher/__pycache__/object_detector.cpython-310.pyc
/home/student/ros2_ws/install/coordinates_publisher/lib/python3.10/site-packages/coordinates_publisher/__pycache__/pnp_solver.cpython-310.pyc
/home/student/ros2_ws/install/coordinates_publisher/lib/python3.10/site-packages/coordinates_publisher/__pycache__/__init__.cpython-310.pyc
/home/student/ros2_ws/install/coordinates_publisher/lib/python3.10/site-packages/coordinates_publisher/__pycache__/cuboid.cpython-310.pyc
/home/student/ros2_ws/install/coordinates_publisher/lib/python3.10/site-packages/coordinates_publisher/__pycache__/process_image.cpython-310.pyc
/home/student/ros2_ws/install/coordinates_publisher/lib/python3.10/site-packages/coordinates_publisher/__pycache__/dope_model.cpython-310.pyc
/home/student/ros2_ws/install/coordinates_publisher/share/ament_index/resource_index/packages/coordinates_publisher
/home/student/ros2_ws/install/coordinates_publisher/share/coordinates_publisher/package.xml
/home/student/ros2_ws/install/coordinates_publisher/lib/python3.10/site-packages/coordinates_publisher-0.0.0-py3.10.egg-info/zip-safe
/home/student/ros2_ws/install/coordinates_publisher/lib/python3.10/site-packages/coordinates_publisher-0.0.0-py3.10.egg-info/SOURCES.txt
/home/student/ros2_ws/install/coordinates_publisher/lib/python3.10/site-packages/coordinates_publisher-0.0.0-py3.10.egg-info/dependency_links.txt
/home/student/ros2_ws/install/coordinates_publisher/lib/python3.10/site-packages/coordinates_publisher-0.0.0-py3.10.egg-info/entry_points.txt
/home/student/ros2_ws/install/coordinates_publisher/lib/python3.10/site-packages/coordinates_publisher-0.0.0-py3.10.egg-info/PKG-INFO
/home/student/ros2_ws/install/coordinates_publisher/lib/python3.10/site-packages/coordinates_publisher-0.0.0-py3.10.egg-info/requires.txt
/home/student/ros2_ws/install/coordinates_publisher/lib/python3.10/site-packages/coordinates_publisher-0.0.0-py3.10.egg-info/top_level.txt
/home/student/ros2_ws/install/coordinates_publisher/lib/coordinates_publisher/publisher_node
