[1.775s] Invoking command in '/home/student/ros2_ws/coordinates_publisher': CONDA_PROMPT_MODIFIER=(base) PYTHONPATH=/home/student/ros2_ws/build/coordinates_publisher/prefix_override:/home/student/.local/lib/python3.10/site-packages/colcon_core/task/python/colcon_distutils_commands:/home/student/ros2_ws/install/coordinates_publisher/lib/python3.10/site-packages:${PYTHONPATH} /usr/bin/python3 -W ignore:setup.py install is deprecated setup.py egg_info --egg-base ../build/coordinates_publisher build --build-base /home/student/ros2_ws/build/coordinates_publisher/build install --record /home/student/ros2_ws/build/coordinates_publisher/install.log --single-version-externally-managed install_data
[2.377s] running egg_info
[2.410s] writing ../build/coordinates_publisher/coordinates_publisher.egg-info/PKG-INFO
[2.411s] writing dependency_links to ../build/coordinates_publisher/coordinates_publisher.egg-info/dependency_links.txt
[2.411s] writing entry points to ../build/coordinates_publisher/coordinates_publisher.egg-info/entry_points.txt
[2.411s] writing requirements to ../build/coordinates_publisher/coordinates_publisher.egg-info/requires.txt
[2.411s] writing top-level names to ../build/coordinates_publisher/coordinates_publisher.egg-info/top_level.txt
[2.482s] reading manifest file '../build/coordinates_publisher/coordinates_publisher.egg-info/SOURCES.txt'
[2.482s] writing manifest file '../build/coordinates_publisher/coordinates_publisher.egg-info/SOURCES.txt'
[2.483s] running build
[2.483s] running build_py
[2.483s] copying coordinates_publisher/publisher_node.py -> /home/student/ros2_ws/build/coordinates_publisher/build/lib/coordinates_publisher
[2.483s] copying coordinates_publisher/object_detector.py -> /home/student/ros2_ws/build/coordinates_publisher/build/lib/coordinates_publisher
[2.484s] running install
[2.491s] running install_lib
[2.526s] copying /home/student/ros2_ws/build/coordinates_publisher/build/lib/coordinates_publisher/publisher_node.py -> /home/student/ros2_ws/install/coordinates_publisher/lib/python3.10/site-packages/coordinates_publisher
[2.528s] byte-compiling /home/student/ros2_ws/install/coordinates_publisher/lib/python3.10/site-packages/coordinates_publisher/publisher_node.py to publisher_node.cpython-310.pyc
[2.529s] running install_data
[2.529s] running install_egg_info
[2.567s] removing '/home/student/ros2_ws/install/coordinates_publisher/lib/python3.10/site-packages/coordinates_publisher-0.0.0-py3.10.egg-info' (and everything under it)
[2.567s] Copying ../build/coordinates_publisher/coordinates_publisher.egg-info to /home/student/ros2_ws/install/coordinates_publisher/lib/python3.10/site-packages/coordinates_publisher-0.0.0-py3.10.egg-info
[2.568s] running install_scripts
[2.810s] Installing publisher_node script to /home/student/ros2_ws/install/coordinates_publisher/lib/coordinates_publisher
[2.810s] writing list of installed files to '/home/student/ros2_ws/build/coordinates_publisher/install.log'
[2.840s] Invoked command in '/home/student/ros2_ws/coordinates_publisher' returned '0': CONDA_PROMPT_MODIFIER=(base) PYTHONPATH=/home/student/ros2_ws/build/coordinates_publisher/prefix_override:/home/student/.local/lib/python3.10/site-packages/colcon_core/task/python/colcon_distutils_commands:/home/student/ros2_ws/install/coordinates_publisher/lib/python3.10/site-packages:${PYTHONPATH} /usr/bin/python3 -W ignore:setup.py install is deprecated setup.py egg_info --egg-base ../build/coordinates_publisher build --build-base /home/student/ros2_ws/build/coordinates_publisher/build install --record /home/student/ros2_ws/build/coordinates_publisher/install.log --single-version-externally-managed install_data
