running egg_info
writing ../build/coordinates_publisher/coordinates_publisher.egg-info/PKG-INFO
writing dependency_links to ../build/coordinates_publisher/coordinates_publisher.egg-info/dependency_links.txt
writing entry points to ../build/coordinates_publisher/coordinates_publisher.egg-info/entry_points.txt
writing requirements to ../build/coordinates_publisher/coordinates_publisher.egg-info/requires.txt
writing top-level names to ../build/coordinates_publisher/coordinates_publisher.egg-info/top_level.txt
reading manifest file '../build/coordinates_publisher/coordinates_publisher.egg-info/SOURCES.txt'
writing manifest file '../build/coordinates_publisher/coordinates_publisher.egg-info/SOURCES.txt'
running build
running build_py
copying coordinates_publisher/publisher_node.py -> /home/student/ros2_ws/build/coordinates_publisher/build/lib/coordinates_publisher
copying coordinates_publisher/object_detector.py -> /home/student/ros2_ws/build/coordinates_publisher/build/lib/coordinates_publisher
running install
running install_lib
copying /home/student/ros2_ws/build/coordinates_publisher/build/lib/coordinates_publisher/publisher_node.py -> /home/student/ros2_ws/install/coordinates_publisher/lib/python3.10/site-packages/coordinates_publisher
byte-compiling /home/student/ros2_ws/install/coordinates_publisher/lib/python3.10/site-packages/coordinates_publisher/publisher_node.py to publisher_node.cpython-310.pyc
running install_data
running install_egg_info
removing '/home/student/ros2_ws/install/coordinates_publisher/lib/python3.10/site-packages/coordinates_publisher-0.0.0-py3.10.egg-info' (and everything under it)
Copying ../build/coordinates_publisher/coordinates_publisher.egg-info to /home/student/ros2_ws/install/coordinates_publisher/lib/python3.10/site-packages/coordinates_publisher-0.0.0-py3.10.egg-info
running install_scripts
Installing publisher_node script to /home/student/ros2_ws/install/coordinates_publisher/lib/coordinates_publisher
writing list of installed files to '/home/student/ros2_ws/build/coordinates_publisher/install.log'
